SF:lib\models\favorites.dart
DA:7,8
DA:9,4
DA:10,8
DA:11,4
DA:14,4
DA:15,8
DA:16,4
LF:7
LH:7
end_of_record
SF:lib\screens\favorites.dart
DA:6,3
DA:10,2
DA:12,2
DA:13,2
DA:14,2
DA:16,2
DA:17,4
DA:18,4
DA:20,8
DA:30,4
DA:32,2
DA:34,2
DA:36,2
DA:37,2
DA:38,8
DA:40,2
DA:41,4
DA:42,6
DA:44,2
DA:45,6
DA:47,2
DA:48,6
DA:49,4
LF:23
LH:23
end_of_record
SF:lib\screens\home.dart
DA:7,3
DA:11,2
DA:13,2
DA:14,2
DA:16,2
DA:17,2
DA:18,2
DA:19,1
DA:20,1
DA:27,2
DA:31,4
DA:40,4
DA:42,2
DA:44,2
DA:46,2
DA:48,2
DA:49,2
DA:50,8
DA:52,2
DA:53,4
DA:54,6
DA:56,2
DA:57,6
DA:58,6
DA:61,2
DA:62,6
DA:63,4
DA:64,2
DA:65,4
DA:66,2
DA:67,8
LF:31
LH:31
end_of_record
SF:lib\main.dart
DA:7,0
DA:8,0
DA:12,2
DA:14,1
DA:16,1
DA:17,2
DA:18,1
DA:20,1
DA:22,1
DA:24,1
DA:25,2
DA:26,2
LF:12
LH:10
end_of_record
