SF:lib\models\favorites.dart
DA:7,2
DA:9,1
DA:10,2
DA:11,1
DA:14,1
DA:15,2
DA:16,1
LF:7
LH:7
end_of_record
SF:lib\screens\favorites.dart
DA:6,1
DA:10,1
DA:12,1
DA:13,1
DA:14,1
DA:16,1
DA:17,2
DA:18,2
DA:20,4
DA:30,2
DA:32,1
DA:34,1
DA:36,1
DA:37,1
DA:38,4
DA:40,1
DA:41,2
DA:42,3
DA:44,1
DA:45,3
DA:47,1
DA:48,3
DA:49,2
LF:23
LH:23
end_of_record
SF:lib\screens\home.dart
DA:7,0
DA:11,0
DA:13,0
DA:14,0
DA:16,0
DA:17,0
DA:18,0
DA:19,0
DA:20,0
DA:27,0
DA:31,0
DA:40,0
DA:42,0
DA:44,0
DA:46,0
DA:48,0
DA:49,0
DA:50,0
DA:52,0
DA:53,0
DA:54,0
DA:56,0
DA:57,0
DA:58,0
DA:61,0
DA:62,0
DA:63,0
DA:64,0
DA:65,0
DA:66,0
DA:67,0
LF:31
LH:0
end_of_record
